"lift-co-rfile"
"Iteration" "lift-coefficient"
("Iteration" "lift-coefficient")
1 -0.0005757631655318402
2 -0.0004782136294677998
3 -0.0004470822226806908
4 -0.000356127421454474
5 -0.0003814591760804434
6 -0.0003864905850854434
7 -0.0004657639288028037
8 -0.0005331950075655606
9 -0.0006421117479185098
10 -0.0007412297468205229
11 -0.0008429231310185117
12 -0.0009169973497497496
13 -0.0009893671601152287
14 -0.001045562046454644
15 -0.001082553832544854
16 -0.001098743935616959
17 -0.00111327453388173
18 -0.001121573554361182
19 -0.001128504438863543
20 -0.001127577366694886
21 -0.001120948916350401
22 -0.001098716371617526
23 -0.001062437731152645
24 -0.001006239222188338
25 -0.0009405855573546994
26 -0.0008666636853795272
27 -0.0007847349463430521
28 -0.0006946194813163916
29 -0.0005996691492458568
30 -0.0005024354118071937
31 -0.000407050099086259
32 -0.0003115177299072199
33 -0.0002261568939051798
34 -0.0001576794568673666
35 -0.000107866731503025
36 -7.876919161973775e-05
37 -7.434417690554424e-05
38 -8.64534286163431e-05
39 -0.0001122289147743325
40 -0.0001500158077059702
41 -0.0001970465752375758
42 -0.0002509803300626599
43 -0.0003092489559006559
44 -0.0003700571767164142
45 -0.0004316361678079225
46 -0.0004925861061891084
47 -0.0005518144585165155
48 -0.0006085068410286591
49 -0.000662204611969335
50 -0.0007110429892166009
51 -0.0007553469270846038
52 -0.0007952309730974191
53 -0.0008314845985111735
54 -0.0008642371755933076
55 -0.0008939570228410969
56 -0.0009207249591531333
57 -0.0009448714517407207
58 -0.0009665058880575448
59 -0.0009859184951988391
60 -0.001003172342103426
61 -0.001018575292676763
62 -0.001032255095596695
63 -0.001044399673918788
64 -0.001055128291001589
65 -0.001064604450273288
66 -0.001072938521591809
67 -0.001080273621328608
68 -0.001086975025122938
69 -0.001092967903009157
70 -0.001098213825477201
71 -0.001102817710951175
72 -0.001106809344260159
73 -0.001110294664887022
74 -0.001113321841649984
75 -0.001115978418881082
76 -0.001118306105269026
77 -0.001120369038376995
78 -0.001122196301048037
79 -0.001123831131325298
80 -0.001125313628339636
81 -0.001126659537121658
82 -0.001127862023523375
83 -0.001128940859135893
84 -0.001129896700605726
85 -0.001130745235889349
86 -0.001131488301424083
87 -0.001132138494623104
88 -0.001132700724875538
89 -0.001133185936977707
90 -0.001133595341516343
91 -0.001133938878753035
92 -0.001134220315804315
93 -0.001134449309278661
94 -0.001134630159353155
95 -0.001134771593742515
96 -0.001134877640874788
97 -0.001134955839480971
98 -0.001135009503697749
99 -0.001135044877726856
100 -0.001135064355445083
101 -0.001135072929924873
102 -0.00113507205065029
103 -0.001135065607804231
104 -0.001135054204573221
105 -0.00113504083760502
106 -0.001135025423713085
107 -0.001135010285933626
108 -0.001134994828183828
109 -0.001134980898257368
110 -0.001134967541151186
111 -0.001134956291867507
112 -0.001134945959974881
113 -0.001134937890496517
114 -0.001134930747933272
115 -0.001134925774710297
116 -0.001134921550925267
117 -0.001134919276691719
118 -0.001134917485982745
119 -0.001134917378372247
120 -0.001134917461575771
121 -0.001134918964167397
122 -0.001134920374587094
123 -0.001134922971990495
124 -0.001134925220223221
125 -0.001134928469482323
126 -0.001134931144004066
127 -0.001134934686441161
128 -0.001134937456417924
129 -0.001134941015652535
130 -0.001134943623196676
131 -0.001134946995440156
132 -0.001134949242570278
133 -0.001134952283685668
134 -0.00113495401646793
135 -0.001134956627136203
136 -0.001134957720628737
137 -0.001134959833893147
138 -0.001134960180812783
139 -0.001134961752816403
140 -0.001134961258277514
141 -0.001134962264213062
142 -0.001134960850114142
143 -0.001134961287151606
144 -0.001134958908420669
145 -0.001134958806555407
146 -0.001134955478077159
147 -0.00113495491709629
148 -0.001134950742591985
149 -0.001134949866886149
150 -0.001134945050741948
151 -0.001134944068074241
152 -0.001134938894999196
153 -0.001134938050750098
154 -0.00113493283551618
155 -0.001134932369381521
156 -0.001134927398879627
157 -0.001134927503217222
158 -0.001134922994124346
159 -0.001134923789439646
160 -0.001134919871397222
161 -0.001134921402445031
162 -0.001134918122242051
163 -0.00113492036884322
164 -0.001134917705913361
165 -0.001134920595825466
166 -0.001134918477153943
167 -0.001134921899707954
168 -0.001134920213537369
169 -0.001134924029525046
170 -0.00113492263551385
171 -0.001134926685022954
172 -0.001134925422773406
173 -0.00113492953256735
174 -0.001134928230191914
175 -0.00113493222197232
176 -0.001134930705658543
177 -0.001134934405683109
178 -0.001134932510343845
179 -0.001134935760032777
180 -0.001134933340381167
181 -0.001134936006918501
182 -0.001134932947832992
183 -0.001134934933516758
184 -0.001134931158435363
185 -0.001134932407546857
186 -0.001134927883872519
187 -0.001134928386222157
188 -0.001134923127072712
189 -0.001134922917767717
190 -0.001134916979907198
191 -0.001134916135412244
192 -0.001134909613639098
193 -0.001134908244598001
194 -0.001134901263285827
195 -0.001134899504963192
196 -0.001134892207705511
197 -0.001134890209063441
198 -0.001134882747517841
199 -0.001134880660069717
200 -0.001134873183090133
201 -0.001134871150536155
202 -0.001134863794526174
203 -0.001134861944008807
204 -0.001134854825263031
205 -0.001134853260914495
206 -0.001134846470466397
207 -0.00113484526958458
208 -0.001134838870713477
209 -0.001134838082570959
210 -0.001134832110859981
211 -0.001134831757911292
212 -0.001134826223485184
213 -0.001134826304499858
214 -0.001134821195901006
215 -0.001134821690424553
216 -0.001134816979499423
217 -0.001134817853003269
218 -0.001134813500159906
219 -0.001134814709261132
220 -0.001134810668530669
221 -0.001134812165777953
222 -0.00113480838924104
223 -0.001134810127111181
224 -0.001134806568413639
225 -0.001134808502326179
226 -0.001134805119174179
227 -0.00113480720948528
228 -0.001134803965157357
229 -0.001134806178204504
230 -0.00113480304217041
231 -0.001134805350509514
232 -0.001134802298321863
233 -0.001134804680346008
234 -0.001134801693056558
235 -0.001134804132265466
236 -0.001134801195588063
237 -0.001134803679684457
238 -0.00113480078306762
239 -0.001134803303027675
240 -0.001134800438752914
241 -0.001134802987975161
242 -0.00113480015036757
243 -0.001134802723954383
244 -0.001134799908747352
245 -0.001134802502951817
246 -0.001134799706812283
247 -0.001134802318641578
248 -0.001134799538845749
249 -0.001134802165800389
250 -0.00113479940002824
251 -0.001134802039944177
252 -0.00113479928616143
253 -0.001134801937124311
254 -0.001134799193522387
255 -0.001134801853826504
256 -0.001134799118795698
257 -0.001134801786925629
258 -0.001134799059046283
259 -0.001134801733684211
260 -0.001134799011718426
261 -0.001134801691703918
262 -0.001134798974573576
263 -0.001134801658911927
264 -0.001134798945705281
265 -0.001134801633566217
266 -0.001134798923528184
267 -0.001134801614226913
268 -0.001134798906735524
269 -0.001134801599709816
270 -0.001134798894256511
271 -0.00113480158904764
272 -0.001134798885219617
273 -0.001134801581458448
274 -0.001134798878925054
275 -0.001134801576317478
276 -0.001134798874818545
277 -0.001134801573135435
278 -0.001134798872468356
279 -0.001134801571531528
280 -0.00113479887154048
281 -0.001134801571212998
282 -0.001134798871777066
283 -0.001134801571953715
284 -0.001134798872980369
285 -0.001134801573579295
286 -0.001134798874997045
287 -0.001134801575956338
288 -0.001134798877709898
289 -0.00113480157898033
290 -0.001134798881027318
291 -0.00113480158257172
292 -0.001134798884878635
293 -0.001134801586667368
294 -0.001134798889207459
295 -0.001134801591216708
296 -0.001134798893969249
297 -0.001134801596180085
298 -0.00113479889912699
299 -0.00113480160152312
300 -0.001134798904649293
301 -0.001134801607216139
302 -0.001134798910507488
303 -0.001134801613232268
304 -0.001134798916677385
305 -0.001134801619548599
306 -0.001134798923136236
307 -0.00113480162614294
308 -0.001134798929861999
309 -0.001134801632993367
310 -0.001134798936832881
311 -0.001134801640078012
312 -0.001134798944027296
313 -0.001134801647375344
314 -0.001134798951423514
315 -0.001134801654864246
316 -0.001134798959001213
317 -0.001134801662524128
318 -0.001134798966739398
319 -0.001134801670334678
320 -0.001134798974618455
321 -0.00113480167827633
322 -0.001134798982619208
323 -0.001134801686330713
324 -0.001134798990723674
325 -0.001134801694479523
326 -0.001134798998913948
327 -0.001134801702705473
328 -0.001134799007172816
329 -0.001134801710992238
330 -0.001134799015484417
331 -0.001134801719324299
332 -0.001134799023834476
333 -0.001134801727687843
334 -0.001134799032209136
335 -0.001134801736069447
336 -0.001134799040595665
337 -0.001134801744457126
338 -0.001134799048982638
339 -0.001134801752839917
340 -0.001134799057360083
341 -0.001134801761208286
342 -0.001134799065718028
343 -0.001134801769553289
344 -0.00113479907404868
345 -0.001134801777866753
346 -0.001134799082344354
347 -0.001134801786141975
348 -0.001134799090598632
349 -0.001134801794372925
350 -0.001134799098805587
351 -0.001134801802554182
352 -0.001134799106960504
353 -0.001134801810681132
354 -0.00113479911505954
355 -0.00113480181875018
356 -0.001134799123098716
357 -0.001134801826757684
358 -0.001134799131074696
359 -0.001134801834700941
360 -0.00113479913898516
361 -0.001134801842577272
362 -0.001134799146827878
363 -0.001134801850384807
364 -0.001134799154600612
365 -0.001134801858121701
366 -0.001134799162301832
367 -0.001134801865786314
368 -0.00113479916993008
369 -0.001134801873376991
370 -0.001134799177483492
371 -0.001134801880892631
372 -0.001134799184961803
373 -0.001134801888332062
374 -0.001134799192362745
375 -0.001134801955306434
376 -0.001134799305423213
377 -0.001134801991540647
378 -0.001134799320284455
379 -0.001134801994447988
380 -0.001134799320462961
381 -0.001134801990854433
382 -0.001134799316947409
383 -0.001134801986005574
384 -0.001134799312899837
385 -0.001134801981581295
386 -0.001134799309333588
387 -0.001134801977962243
388 -0.001134799306389365
389 -0.001134801975022678
390 -0.001134799303899278
391 -0.001134801972517569
392 -0.001134799301674593
393 -0.001134801970277031
394 -0.001134799299638955
395 -0.001134801968279182
396 -0.001134799297860837
397 -0.001134801966644695
398 -0.00113479929652441
399 -0.001134801965584169
400 -0.001134799295867454
401 -0.001134801965333036
402 -0.001134799296118219
403 -0.001134801966091969
404 -0.001134799297447433
405 -0.001134801967987193
406 -0.001134799299937568
407 -0.001134801971052066
408 -0.001134799303576132
409 -0.001134801975227854
410 -0.00113479930826397
411 -0.001134801980377924
412 -0.00113479931383422
413 -0.001134801986310199
414 -0.00113479932007647
415 -0.00113480199280145
416 -0.001134799326762466
417 -0.001134801999623374
418 -0.001134799333669223
419 -0.001134802006563494
420 -0.001134799340598279
421 -0.001134802013439742
422 -0.001134799347387536
423 -0.00113480202011135
424 -0.001134799353918684
425 -0.001134802026483149
426 -0.001134799360118767
427 -0.001134802032502826
428 -0.00113479936595467
429 -0.001134802038155415
430 -0.001134799371427953
431 -0.001134802043455128
432 -0.001134799376563588
433 -0.001134802048436735
434 -0.001134799381402613
435 -0.001134802053145353
436 -0.001134799385993408
437 -0.001134802057629574
438 -0.001134799390383055
439 -0.001134802061935165
440 -0.001134799394614783
441 -0.001134802066101513
442 -0.00113479939872363
443 -0.001134802070159308
444 -0.001134799402735701
445 -0.001134802074129706
446 -0.001134799406668121
447 -0.00113480207802635
448 -0.001134799410531307
449 -0.001134802081856508
450 -0.001134799414328639
451 -0.001134802085621219
452 -0.001134799418060808
453 -0.001134802089319913
454 -0.001134799421725445
455 -0.001134802092949292
456 -0.001134799425318999
457 -0.001134802096505821
458 -0.001134799428837867
459 -0.001134802099986108
460 -0.001134799432279128
461 -0.001134802103388008
462 -0.001134799435640636
463 -0.001134802106708892
464 -0.001134799438921104
465 -0.001134802109948221
466 -0.001134799442119421
467 -0.001134802113105698
468 -0.001134799445236255
469 -0.001134802116181487
470 -0.001134799448271385
471 -0.001134802119176319
472 -0.00113479945122612
473 -0.001134802122090833
474 -0.001134799454101051
475 -0.001134802124926299
476 -0.001134799456897076
477 -0.001134802127683516
478 -0.001134799459616137
479 -0.001134802130364066
480 -0.001134799462258692
481 -0.001134802132968901
482 -0.001134799464826166
483 -0.001134802135499464
484 -0.001134799467320267
485 -0.001134802137957072
486 -0.001134799469742009
487 -0.001134802140343038
488 -0.001134799472092644
489 -0.00113480214265876
490 -0.001134799474373786
491 -0.00113480214490592
492 -0.001134799476587142
493 -0.001134802147085454
494 -0.001134799478733782
495 -0.00113480214919944
496 -0.001134799480815416
497 -0.001134802151248965
498 -0.001134799482833335
499 -0.001134802153235808
500 -0.001134799484789313
501 -0.001134802155161098
502 -0.001134799486684512
503 -0.001134802220396285
504 -0.001134799640039461
505 -0.001134802263003889
506 -0.001134799655179961
507 -0.001134802260828461
508 -0.001134799648574921
509 -0.001134802248736258
510 -0.001134799636540234
511 -0.001134802235074675
512 -0.001134799624253336
513 -0.001134802222622603
514 -0.001134799613298292
515 -0.001134802211895393
516 -0.001134799603714539
517 -0.001134802202468101
518 -0.001134799594953106
519 -0.001134802193650343
520 -0.001134799586387922
521 -0.001134802184854067
522 -0.001134799577588805
523 -0.001134802175770617
524 -0.001134799568428569
525 -0.001134802166409035
526 -0.001134799559071107
527 -0.001134802157038372
528 -0.001134799549886685
529 -0.001134802148082974
530 -0.001134799541339683
531 -0.00113480214000823
532 -0.001134799533881877
533 -0.001134802133224222
534 -0.00113479952787302
535 -0.00113480212802418
536 -0.00113479952353666
537 -0.001134802124552561
538 -0.001134799520940429
539 -0.001134802122802065
540 -0.001134799520007563
541 -0.001134802122629796
542 -0.001134799520539444
543 -0.00113480212378962
544 -0.001134799522252095
545 -0.001134802125968807
546 -0.001134799524814945
547 -0.001134802128828024
548 -0.001134799527889108
549 -0.001134802132037243
550 -0.001134799531162036
551 -0.001134802135306912
552 -0.00113479953437051
553 -0.001134802138404374
554 -0.00113479953731708
555 -0.001134802141167631
556 -0.001134799539873914
557 -0.001134802143502992
558 -0.001134799541980024
559 -0.001134802145378804
560 -0.001134799543630455
561 -0.00113480214681295
562 -0.001134799544862088
563 -0.00113480214785815
564 -0.00113479954573929
565 -0.001134802148586849
566 -0.001134799546339657
567 -0.001134802149078355
568 -0.001134799546740898
569 -0.001134802149407241
570 -0.001134799547013932
571 -0.001134802149638897
572 -0.001134799547216926
573 -0.001134802149824127
574 -0.001134799547393275
575 -0.001134802149998994
576 -0.001134799547572656
577 -0.001134802150186379
578 -0.001134799547771078
579 -0.001134802150397832
580 -0.001134799547996056
581 -0.001134802150636408
582 -0.001134799548247635
583 -0.001134802150899931
584 -0.001134799548521825
585 -0.001134802151183135
586 -0.001134799548812843
587 -0.001134802151480209
588 -0.001134799549114296
589 -0.001134802151784892
590 -0.001134799549420844
591 -0.001134802152092034
592 -0.001134799549727725
593 -0.001134802152397696
594 -0.001134799550031584
595 -0.001134802152699621
596 -0.001134799550330708
597 -0.001134802152995494
598 -0.001134799550623111
599 -0.001134802153284018
600 -0.001134799550908271
601 -0.001134802153565696
602 -0.001134799551185863
603 -0.001134802153839191
604 -0.001134799551455582
605 -0.001134802154104909
606 -0.001134799551717006
607 -0.001134802154362465
608 -0.001134799551970716
609 -0.001134802154612161
610 -0.001134799552216656
611 -0.001134802154854165
612 -0.001134799552454816
613 -0.001134802155088362
614 -0.001134799552684948
615 -0.001134802155314864
616 -0.0011347995529079
617 -0.001134802155533611
618 -0.001134799553122632
619 -0.001134802155744552
620 -0.001134799553329604
621 -0.001134802155947862
622 -0.001134799553529299
623 -0.001134802156144068
624 -0.001134799553721744
625 -0.001134802156332587
626 -0.001134799553906634
627 -0.001134802156513947
628 -0.001134799554084348
629 -0.001134802156688188
630 -0.001134799554255535
631 -0.001134802156855947
632 -0.001134799554419564
633 -0.001134802157016707
634 -0.001134799554577019
635 -0.001134802157170618
636 -0.001134799554727873
637 -0.001134802157318503
638 -0.00113479955487269
639 -0.001134802157460415
640 -0.001134799555011456
641 -0.001134802157596033
642 -0.001134799555144345
643 -0.001134802157726177
644 -0.001134799555271745
645 -0.00113480215785097
646 -0.001134799555393718
647 -0.001134802157970188
648 -0.001134799555510219
649 -0.001134802158084166
650 -0.00113479955562193
651 -0.00113480215819334
652 -0.001134799555728687
653 -0.001134802158297889
654 -0.001134799555831029
655 -0.001134802158397787
656 -0.001134799555928678
657 -0.001134802158493267
658 -0.001134799556022164
659 -0.00113480215858468
660 -0.001134799556111278
661 -0.001134802158671899
662 -0.001134799556196591
663 -0.001134802158755208
664 -0.001134799556278089
665 -0.001134802158835036
666 -0.001134799556356038
667 -0.001134802158910925
668 -0.001134799556430192
669 -0.001134802158983676
670 -0.001134799556501276
671 -0.001134802159053221
672 -0.001134799556569394
673 -0.001134802159119602
674 -0.001134799556634243
675 -0.001134802159182852
676 -0.001134799556695974
677 -0.001134802159243266
678 -0.001134799556754938
679 -0.001134802159301035
680 -0.001134799556811639
681 -0.001134802159356128
682 -0.001134799556865299
683 -0.001134802159408582
684 -0.001134799556916542
685 -0.001134802159458815
686 -0.001134799556965396
687 -0.001134802159506532
688 -0.001134799557012097
689 -0.001134802159551827
690 -0.001134799557056354
691 -0.001134802159595406
692 -0.001134799557098822
693 -0.001134802159636735
694 -0.001134799557139241
695 -0.00113480215967624
696 -0.001134799557177711
697 -0.001134802159713626
698 -0.00113479955721439
699 -0.001134802159749477
700 -0.00113479955724929
701 -0.001134802159783548
702 -0.001134799557282643
703 -0.001134802159816192
704 -0.001134799557314528
705 -0.001134802159847175
706 -0.001134799557344789
707 -0.001134802159876694
708 -0.001134799557373464
709 -0.001134802159904645
710 -0.001134799557400873
711 -0.001134802159931571
712 -0.001134799557426955
713 -0.001134802159957031
714 -0.001134799557451926
715 -0.001134802159981053
716 -0.001134799557475238
717 -0.001134802160004117
718 -0.001134799557497601
719 -0.00113480216002611
720 -0.001134799557519157
721 -0.001134802160046829
722 -0.001134799557539442
723 -0.001134802160066728
724 -0.00113479955755886
725 -0.00113480216008552
726 -0.001134799557577222
727 -0.001134802160103439
728 -0.001134799557594707
729 -0.00113480216012063
730 -0.001134799557611187
731 -0.001134802160136422
732 -0.001134799557626809
733 -0.001134802160151905
734 -0.001134799557641847
735 -0.001134802160166592
736 -0.001134799557656279
737 -0.00113480216018073
738 -0.001134799557669833
739 -0.00113480216019386
740 -0.001134799557682717
741 -0.001134802160206128
742 -0.001134799557694661
743 -0.001134802160218139
744 -0.001134799557706428
745 -0.001134802160229374
746 -0.001134799557717539
747 -0.001134802160240442
748 -0.001134799557728072
749 -0.001134802160250559
750 -0.001134799557737928
751 -0.00113480216026015
752 -0.001134799557747384
753 -0.001134802160269331
754 -0.001134799557756524
755 -0.001134802160278112
756 -0.001134799557764875
757 -0.001134802160286484
758 -0.001134799557773071
759 -0.001134802160294415
760 -0.001134799557780832
761 -0.001134802160301912
762 -0.001134799557788049
763 -0.001134802160308922
764 -0.001134799557794967
765 -0.001134802160316022
766 -0.001134799557801659
767 -0.00113480216032219
768 -0.001134799557807943
769 -0.001134802160328328
770 -0.001134799557813683
771 -0.001134802160334023
772 -0.001134799557819392
773 -0.001134802160339497
774 -0.001134799557824645
775 -0.001134802160344685
776 -0.001134799557829604
777 -0.001134802160349469
778 -0.001134799557834458
779 -0.001134802160354225
780 -0.001134799557839098
781 -0.001134802160358508
782 -0.001134799557843305
783 -0.00113480216036268
784 -0.001134799557847412
785 -0.001134802160366755
786 -0.001134799557851304
787 -0.001134802160370564
788 -0.00113479955785505
789 -0.001134802160374165
790 -0.00113479955785829
791 -0.001134802160377358
792 -0.001134799557861851
793 -0.001134802160380823
794 -0.001134799557864845
795 -0.001134802160383838
796 -0.001134799557867771
797 -0.001134802160386607
798 -0.00113479955787073
799 -0.001134802160389521
800 -0.001134799557873399
801 -0.001134802160392122
802 -0.001134799557875756
803 -0.001134802160394403
804 -0.001134799557878257
805 -0.001134802160397142
806 -0.001134799557880501
807 -0.001134802160398995
808 -0.001134799557882562
809 -0.00113480216040099
810 -0.001134799557884595
811 -0.001134802160402975
812 -0.001134799557886504
813 -0.001134802160404724
814 -0.001134799557888293
815 -0.00113480216040668
816 -0.001134799557890016
817 -0.001134802160408237
818 -0.001134799557891662
819 -0.001134802160409917
820 -0.001134799557893169
821 -0.001134802160411365
822 -0.001134799557894798
823 -0.001134802160412871
824 -0.001134799557896159
825 -0.001134802160414166
826 -0.001134799557897232
827 -0.001134802160415199
828 -0.001134799557898252
829 -0.00113480216041632
830 -0.001134799557899511
831 -0.001134802160417695
832 -0.001134799557900875
833 -0.001134802160418772
834 -0.001134799557901848
835 -0.001134802160419713
836 -0.001134799557902723
837 -0.001134802160420491
838 -0.001134799557903587
839 -0.001134802160421378
840 -0.001134799557904497
841 -0.001134802160422509
842 -0.001134799557905598
843 -0.001134802160423464
844 -0.001134799557906401
845 -0.001134802160423973
846 -0.001134799557906942
847 -0.001134802160424592
848 -0.001134799557907556
849 -0.001134802160425355
850 -0.001134799557908399
851 -0.001134802160426089
852 -0.001134799557908901
853 -0.001134802160426681
854 -0.001134799557909469
855 -0.001134802160427115
856 -0.001134799557909995
857 -0.001134802160427618
858 -0.001134799557910427
859 -0.001134802160428105
860 -0.001134799557910992
861 -0.001134802160428598
862 -0.001134799557911468
863 -0.001134802160429161
864 -0.001134799557912044
865 -0.001134802160429574
866 -0.001134799557912279
867 -0.001134802160429948
868 -0.001134799557912586
869 -0.001134802160430261
870 -0.00113479955791298
871 -0.001134802160430481
872 -0.001134799557913187
873 -0.00113480216043088
874 -0.001134799557913486
875 -0.001134802160431071
876 -0.001134799557913843
877 -0.001134802160431509
878 -0.001134799557914047
879 -0.001134802160431473
880 -0.001134799557914438
881 -0.001134802160432003
882 -0.001134799557914735
883 -0.001134802160432164
884 -0.001134799557914844
885 -0.001134802160432439
886 -0.001134799557915178
887 -0.001134802160432726
888 -0.001134799557915397
889 -0.00113480216043288
890 -0.001134799557915477
891 -0.001134802160433126
892 -0.001134799557915685
893 -0.00113480216043331
894 -0.001134799557915987
895 -0.001134802160433522
896 -0.001134799557916
897 -0.001134802160433517
898 -0.001134799557916321
899 -0.001134802160433776
900 -0.001134799557916292
901 -0.001134802160433773
902 -0.001134799557916414
903 -0.001134802160433933
904 -0.00113479955791676
905 -0.001134802160434259
906 -0.001134799557916974
907 -0.001134802160434419
908 -0.001134799557916912
909 -0.001134802160434519
910 -0.001134799557916914
911 -0.001134802160434333
912 -0.001134799557917208
913 -0.001134802160434602
914 -0.001134799557917298
915 -0.00113480216043484
916 -0.001134799557917433
917 -0.001134802160434841
918 -0.001134799557917536
919 -0.001134802160435047
920 -0.001134799557917573
921 -0.001134802160435037
922 -0.00113479955791766
923 -0.00113480216043525
924 -0.001134799557917717
925 -0.00113480216043516
926 -0.001134799557917761
927 -0.001134802160435305
928 -0.001134799557917766
929 -0.001134802160435328
930 -0.001134799557917919
931 -0.001134802160435297
932 -0.001134799557918088
933 -0.001134802160435565
934 -0.001134799557918322
935 -0.001134802160435715
936 -0.001134799557917947
937 -0.00113480216043532
938 -0.001134799557918077
939 -0.001134802160435666
940 -0.001134799557918239
941 -0.001134802160435558
942 -0.001134799557918072
943 -0.001134802160435579
944 -0.001134799557918098
945 -0.001134802160435632
946 -0.001134799557918075
947 -0.001134802160435561
948 -0.001134799557918246
949 -0.001134802160435624
950 -0.001134799557918332
951 -0.00113480216043582
952 -0.001134799557918414
953 -0.001134802160435816
954 -0.001134799557918342
955 -0.001134802160435932
956 -0.001134799557918327
957 -0.001134802160435718
958 -0.001134799557918391
959 -0.001134802160435853
960 -0.001134799557918354
961 -0.001134802160435799
962 -0.001134799557918332
963 -0.001134802160435876
964 -0.001134799557918478
965 -0.00113480216043603
966 -0.001134799557918519
967 -0.001134802160436001
968 -0.001134799557918436
969 -0.001134802160435906
970 -0.001134799557918522
971 -0.00113480216043593
972 -0.001134799557918711
973 -0.001134802160436011
974 -0.001134799557918622
975 -0.001134802160435945
976 -0.001134799557918469
977 -0.001134802160435913
978 -0.001134799557918545
979 -0.001134802160435908
980 -0.001134799557918639
981 -0.001134802160435981
982 -0.001134799557918521
983 -0.001134802160435812
984 -0.001134799557918485
985 -0.001134802160435979
986 -0.001134799557918359
987 -0.001134802160436
988 -0.001134799557918782
989 -0.001134802160436128
990 -0.001134799557918628
991 -0.001134802160436018
992 -0.001134799557918831
993 -0.001134802160436198
994 -0.001134799557918766
995 -0.001134802160436108
996 -0.001134799557918813
997 -0.001134802160436301
998 -0.001134799557918722
999 -0.001134802160436101
1000 -0.001134799557918611
1001 -0.001134802160436062
1002 -0.001134799557918687
1003 -0.001134802160436153
1004 -0.001134799557918708
1005 -0.001134802160436287
1006 -0.001134799557918848
1007 -0.001134802160436297
1008 -0.001134799557918827
1009 -0.001134802160436214
1010 -0.001134799557918575
1011 -0.001134802160435951
1012 -0.001134799557918655
1013 -0.00113480216043597
1014 -0.001134799557918426
1015 -0.001134802160435837
1016 -0.001134799557918401
1017 -0.001134802160436011
1018 -0.001134799557918639
1019 -0.001134802160435967
1020 -0.001134799557918667
1021 -0.001134802160436037
1022 -0.00113479955791866
1023 -0.001134802160435893
1024 -0.001134799557918406
1025 -0.001134802160435941
1026 -0.001134799557918716
1027 -0.001134802160436303
1028 -0.001134799557918661
1029 -0.001134802160436098
1030 -0.001134799557918839
1031 -0.00113480216043639
1032 -0.001134799557918761
1033 -0.001134802160436251
1034 -0.001134799557918859
1035 -0.001134802160436078
1036 -0.00113479955791865
1037 -0.001134802160436005
1038 -0.001134799557918572
1039 -0.001134802160436011
1040 -0.001134799557918454
1041 -0.001134802160435875
1042 -0.001134799557918392
1043 -0.001134802160435842
1044 -0.001134799557918486
1045 -0.001134802160435899
1046 -0.001134799557918528
1047 -0.001134802160436039
1048 -0.00113479955791855
1049 -0.001134802160436019
1050 -0.001134799557918556
1051 -0.001134802160436093
1052 -0.001134799557918658
1053 -0.001134802160436313
1054 -0.001134799557918836
1055 -0.001134802160436321
1056 -0.001134799557918905
1057 -0.001134802160436304
1058 -0.001134799557918785
1059 -0.001134802160436077
1060 -0.001134799557918709
1061 -0.001134802160436189
1062 -0.001134799557918518
1063 -0.00113480216043598
1064 -0.001134799557918663
1065 -0.001134802160436036
1066 -0.001134799557918643
1067 -0.001134802160435974
1068 -0.001134799557918652
1069 -0.001134802160436091
1070 -0.001134799557918725
1071 -0.001134802160435983
1072 -0.001134799557918467
1073 -0.001134802160436062
1074 -0.001134799557918692
1075 -0.001134802160436005
1076 -0.001134799557918478
1077 -0.001134802160436104
1078 -0.001134799557918645
1079 -0.001134802160436063
1080 -0.001134799557918589
1081 -0.001134802160435996
1082 -0.001134799557918782
1083 -0.001134802160436259
1084 -0.001134799557918686
1085 -0.001134802160436174
1086 -0.001134799557918575
1087 -0.001134802160436074
1088 -0.001134799557918683
1089 -0.001134802160436312
1090 -0.001134799557918836
1091 -0.001134802160436367
1092 -0.001134799557918933
1093 -0.001134802160436238
1094 -0.001134799557918724
1095 -0.001134802160436222
1096 -0.001134799557918796
1097 -0.001134802160436226
1098 -0.0011347995579187
1099 -0.001134802160436166
1100 -0.001134799557918642
1101 -0.001134802160436188
1102 -0.001134799557918736
1103 -0.00113480216043613
1104 -0.001134799557918627
1105 -0.001134802160436289
1106 -0.001134799557918692
1107 -0.001134802160436122
1108 -0.001134799557918802
1109 -0.00113480216043639
1110 -0.001134799557918813
1111 -0.001134802160436295
1112 -0.001134799557918776
1113 -0.001134802160436276
1114 -0.001134799557918828
1115 -0.001134802160436253
1116 -0.001134799557918866
1117 -0.001134802160436147
1118 -0.001134799557918763
1119 -0.001134802160436206
1120 -0.001134799557918725
1121 -0.001134802160436244
1122 -0.001134799557918737
1123 -0.001134802160436095
1124 -0.001134799557918748
1125 -0.001134802160436192
1126 -0.001134799557918776
1127 -0.001134802160436268
1128 -0.001134799557918698
1129 -0.001134802160436104
1130 -0.001134799557918742
1131 -0.001134802160436417
1132 -0.001134799557918814
1133 -0.001134802160436388
1134 -0.001134799557918846
1135 -0.001134802160436169
1136 -0.00113479955791881
1137 -0.001134802160436152
1138 -0.001134799557918607
1139 -0.001134802160436155
1140 -0.001134799557918759
1141 -0.001134802160436069
1142 -0.001134799557918703
1143 -0.001134802160436198
1144 -0.001134799557918689
1145 -0.001134802160435973
1146 -0.001134799557918568
1147 -0.001134802160436199
1148 -0.001134799557918752
1149 -0.001134802160436039
1150 -0.001134799557918647
1151 -0.001134802160436244
1152 -0.001134799557918779
1153 -0.001134802160436174
1154 -0.001134799557918714
1155 -0.001134802160436071
1156 -0.001134799557918621
1157 -0.001134802160436351
1158 -0.001134799557918594
1159 -0.001134802160436156
1160 -0.001134799557918688
1161 -0.001134802160436138
1162 -0.001134799557918627
1163 -0.001134802160436128
1164 -0.001134799557918677
1165 -0.001134802160436062
1166 -0.001134799557918547
1167 -0.001134802160436197
1168 -0.001134799557918522
1169 -0.00113480216043591
1170 -0.001134799557918582
1171 -0.001134802160435988
1172 -0.001134799557918496
1173 -0.001134802160436108
1174 -0.001134799557918709
1175 -0.001134802160436185
1176 -0.001134799557918944
1177 -0.001134802160436339
1178 -0.001134799557918805
1179 -0.001134802160436324
1180 -0.001134799557918794
1181 -0.001134802160436163
1182 -0.001134799557918715
1183 -0.001134802160436121
1184 -0.001134799557918543
1185 -0.001134802160436145
1186 -0.001134799557918675
1187 -0.001134802160436156
1188 -0.00113479955791875
1189 -0.001134802160436384
1190 -0.001134799557918909
1191 -0.001134802160436071
1192 -0.00113479955791853
1193 -0.001134802160436028
1194 -0.001134799557918539
1195 -0.001134802160436012
1196 -0.001134799557918763
1197 -0.001134802160436275
1198 -0.001134799557918626
1199 -0.001134802160435971
1200 -0.00113479955791855
1201 -0.001134802160435949
1202 -0.001134799557918592
1203 -0.001134802160436313
1204 -0.001134799557918722
1205 -0.001134802160436058
1206 -0.00113479955791876
1207 -0.001134802160436295
1208 -0.001134799557918617
1209 -0.001134802160435876
1210 -0.001134799557918489
1211 -0.001134802160436046
1212 -0.00113479955791864
1213 -0.001134802160436041
1214 -0.001134799557918668
1215 -0.001134802160436246
1216 -0.001134799557918674
1217 -0.001134802160436118
1218 -0.001134799557918579
1219 -0.001134802160436113
1220 -0.00113479955791878
1221 -0.001134802160436036
1222 -0.001134799557918577
1223 -0.001134802160436103
1224 -0.001134799557918605
1225 -0.001134802160436108
1226 -0.001134799557918565
1227 -0.001134802160436252
1228 -0.001134799557918808
1229 -0.001134802160436177
1230 -0.001134799557918751
1231 -0.001134802160436
1232 -0.001134799557918458
1233 -0.001134802160436087
1234 -0.001134799557918706
1235 -0.001134802160436247
1236 -0.001134799557918689
1237 -0.001134802160436213
1238 -0.00113479955791867
1239 -0.001134802160436148
1240 -0.001134799557918729
1241 -0.001134802160436144
1242 -0.001134799557918627
1243 -0.001134802160436156
1244 -0.001134799557918821
1245 -0.001134802160436273
1246 -0.001134799557918804
1247 -0.001134802160436409
1248 -0.001134799557918881
1249 -0.001134802160436178
1250 -0.001134799557918578
1251 -0.001134802160436006
1252 -0.001134799557918666
1253 -0.001134802160436174
1254 -0.001134799557918644
1255 -0.001134802160436262
1256 -0.001134799557918772
1257 -0.001134802160436282
1258 -0.001134799557918789
1259 -0.001134802160436181
1260 -0.001134799557918834
1261 -0.001134802160436162
1262 -0.00113479955791864
1263 -0.001134802160436184
1264 -0.001134799557918765
1265 -0.001134802160436139
1266 -0.001134799557918855
1267 -0.001134802160436246
1268 -0.001134799557918711
1269 -0.001134802160436079
1270 -0.001134799557918675
1271 -0.001134802160436248
1272 -0.00113479955791857
1273 -0.001134802160436017
1274 -0.001134799557918506
1275 -0.00113480216043629
1276 -0.001134799557918873
1277 -0.001134802160436124
1278 -0.001134799557918637
1279 -0.001134802160436142
1280 -0.001134799557918806
1281 -0.001134802160436288
1282 -0.001134799557918787
1283 -0.0011348021604361
1284 -0.001134799557918905
1285 -0.00113480216043622
1286 -0.001134799557918662
1287 -0.001134802160436238
1288 -0.001134799557918759
1289 -0.001134802160436183
1290 -0.001134799557918715
1291 -0.001134802160436281
1292 -0.001134799557918822
1293 -0.001134802160436099
1294 -0.001134799557918764
1295 -0.001134802160436266
1296 -0.00113479955791875
1297 -0.001134802160436172
1298 -0.001134799557918787
1299 -0.001134802160436247
1300 -0.001134799557918554
1301 -0.001134802160435979
1302 -0.001134799557918676
1303 -0.001134802160436076
1304 -0.00113479955791866
1305 -0.001134802160436185
1306 -0.001134799557918834
1307 -0.00113480216043626
1308 -0.001134799557918728
1309 -0.001134802160436177
1310 -0.001134799557918545
1311 -0.001134802160436
1312 -0.001134799557918628
1313 -0.001134802160436153
1314 -0.001134799557918582
1315 -0.001134802160435992
1316 -0.001134799557918559
1317 -0.001134802160436257
1318 -0.001134799557918688
1319 -0.001134802160435873
1320 -0.001134799557918341
1321 -0.001134802160435866
1322 -0.001134799557918541
1323 -0.001134802160436055
1324 -0.001134799557918672
1325 -0.001134802160436061
1326 -0.001134799557918585
1327 -0.001134802160436109
1328 -0.001134799557918661
1329 -0.001134802160436079
1330 -0.001134799557918632
1331 -0.001134802160436078
1332 -0.00113479955791868
1333 -0.001134802160436151
1334 -0.001134799557918776
1335 -0.001134802160436078
1336 -0.001134799557918647
1337 -0.001134802160436005
1338 -0.001134799557918558
1339 -0.001134802160435988
1340 -0.001134799557918687
1341 -0.001134802160436178
1342 -0.001134799557918683
1343 -0.001134802160436075
1344 -0.001134799557918725
1345 -0.001134802160436298
1346 -0.00113479955791864
1347 -0.001134802160436047
1348 -0.001134799557918634
1349 -0.001134802160436154
1350 -0.001134799557918533
1351 -0.001134802160436203
1352 -0.001134799557918626
1353 -0.001134802160436205
1354 -0.00113479955791871
1355 -0.001134802160436152
1356 -0.001134799557918594
1357 -0.001134802160436167
1358 -0.00113479955791875
1359 -0.001134802160436166
1360 -0.001134799557918718
1361 -0.001134802160436213
1362 -0.001134799557918695
1363 -0.001134802160436169
1364 -0.001134799557918799
1365 -0.00113480216043618
1366 -0.001134799557918708
1367 -0.001134802160436162
1368 -0.001134799557918686
1369 -0.001134802160436179
1370 -0.001134799557918763
1371 -0.001134802160436236
1372 -0.001134799557918728
1373 -0.001134802160436148
1374 -0.001134799557918686
1375 -0.001134802160436277
1376 -0.001134799557918689
1377 -0.001134802160436173
1378 -0.00113479955791868
1379 -0.00113480216043628
1380 -0.001134799557918804
1381 -0.001134802160436179
1382 -0.001134799557918767
1383 -0.001134802160436267
1384 -0.001134799557918893
1385 -0.001134802160436266
1386 -0.00113479955791873
1387 -0.001134802160436021
1388 -0.001134799557918681
1389 -0.001134802160436147
1390 -0.001134799557918868
1391 -0.00113480216043624
1392 -0.001134799557918639
1393 -0.001134802160436212
1394 -0.001134799557918791
1395 -0.001134802160436341
1396 -0.001134799557918727
1397 -0.001134802160436252
1398 -0.001134799557918724
1399 -0.00113480216043617
1400 -0.00113479955791873
1401 -0.001134802160436212
1402 -0.001134799557918702
1403 -0.001134802160436217
1404 -0.001134799557918594
1405 -0.001134802160436028
1406 -0.001134799557918714
1407 -0.001134802160435913
1408 -0.001134799557918609
1409 -0.001134802160436084
1410 -0.00113479955791867
1411 -0.001134802160436045
1412 -0.001134799557918558
1413 -0.00113480216043605
1414 -0.001134799557918672
1415 -0.001134802160436161
1416 -0.00113479955791872
1417 -0.001134802160436116
1418 -0.001134799557918746
1419 -0.00113480216043631
1420 -0.001134799557918865
1421 -0.001134802160436363
1422 -0.001134799557918974
1423 -0.001134802160436115
1424 -0.001134799557918712
1425 -0.001134802160436094
1426 -0.001134799557918545
1427 -0.001134802160436099
1428 -0.001134799557918644
1429 -0.001134802160436205
1430 -0.001134799557918742
1431 -0.00113480216043624
1432 -0.001134799557918655
1433 -0.001134802160436204
1434 -0.00113479955791877
1435 -0.001134802160436359
1436 -0.001134799557918751
1437 -0.001134802160436154
1438 -0.001134799557918526
1439 -0.001134802160436033
1440 -0.001134799557918702
1441 -0.001134802160436106
1442 -0.001134799557918671
1443 -0.001134802160436129
1444 -0.00113479955791871
1445 -0.001134802160436214
1446 -0.001134799557918604
1447 -0.001134802160436136
1448 -0.001134799557918746
1449 -0.001134802160435932
1450 -0.001134799557918591
1451 -0.001134802160436151
1452 -0.001134799557918851
1453 -0.001134802160436383
1454 -0.001134799557918844
1455 -0.001134802160436164
1456 -0.001134799557918613
1457 -0.001134802160436148
1458 -0.001134799557918781
1459 -0.00113480216043617
1460 -0.001134799557918629
1461 -0.001134802160436082
1462 -0.001134799557918722
1463 -0.001134802160436136
1464 -0.001134799557918642
1465 -0.001134802160436175
1466 -0.001134799557918723
1467 -0.001134802160436063
1468 -0.001134799557918682
1469 -0.001134802160436028
1470 -0.001134799557918496
1471 -0.001134802160436089
1472 -0.001134799557918621
1473 -0.001134802160436044
1474 -0.001134799557918598
1475 -0.001134802160436114
1476 -0.001134799557918672
1477 -0.00113480216043624
1478 -0.001134799557918613
1479 -0.001134802160436082
1480 -0.001134799557918694
1481 -0.001134802160436145
1482 -0.001134799557918714
1483 -0.001134802160436141
1484 -0.001134799557918849
1485 -0.001134802160436321
1486 -0.001134799557918796
1487 -0.001134802160436254
1488 -0.001134799557918795
1489 -0.001134802160436257
1490 -0.001134799557918747
1491 -0.001134802160436288
1492 -0.00113479955791865
1493 -0.001134802160436097
1494 -0.001134799557918684
1495 -0.001134802160436142
1496 -0.001134799557918821
1497 -0.001134802160436107
1498 -0.001134799557918848
1499 -0.001134802160436237
1500 -0.001134799557918735
1501 -0.001134802160436178
1502 -0.001134799557918608
1503 -0.001134802160436226
1504 -0.001134799557918686
1505 -0.001134802160436259
1506 -0.001134799557918695
1507 -0.00113480216043612
1508 -0.001134799557918868
1509 -0.001134802160436282
1510 -0.001134799557918664
1511 -0.001134802160436068
1512 -0.001134799557918673
1513 -0.001134802160436247
1514 -0.001134799557918732
1515 -0.001134802160436211
1516 -0.001134799557918948
1517 -0.001134802160436218
1518 -0.001134799557918778
1519 -0.001134802160436141
1520 -0.001134799557918708
1521 -0.001134802160436164
1522 -0.001134799557918662
1523 -0.001134802160436406
1524 -0.001134799557918764
1525 -0.001134802160436085
1526 -0.001134799557918763
1527 -0.001134802160436247
1528 -0.001134799557918801
1529 -0.001134802160436225
1530 -0.001134799557918738
1531 -0.001134802160436143
1532 -0.001134799557918638
1533 -0.001134802160436071
1534 -0.001134799557918731
1535 -0.001134802160436287
1536 -0.001134799557918754
1537 -0.001134802160436115
1538 -0.001134799557918786
1539 -0.00113480216043629
1540 -0.001134799557918759
1541 -0.001134802160436116
1542 -0.00113479955791871
1543 -0.001134802160436264
1544 -0.001134799557918781
1545 -0.001134802160436234
1546 -0.001134799557918773
1547 -0.001134802160436323
1548 -0.001134799557918953
1549 -0.001134802160436326
1550 -0.001134799557918715
1551 -0.001134802160436066
1552 -0.001134799557918647
1553 -0.001134802160436018
1554 -0.001134799557918446
1555 -0.001134802160436141
1556 -0.001134799557918636
1557 -0.001134802160436281
1558 -0.001134799557918623
1559 -0.001134802160436076
1560 -0.001134799557918659
1561 -0.001134802160435992
1562 -0.001134799557918642
1563 -0.001134802160436043
1564 -0.001134799557918698
1565 -0.001134802160436267
1566 -0.001134799557918794
1567 -0.001134802160436229
1568 -0.001134799557918674
1569 -0.001134802160436143
1570 -0.001134799557918772
1571 -0.001134802160436213
1572 -0.001134799557918738
1573 -0.001134802160436177
1574 -0.001134799557918634
1575 -0.001134802160436036
1576 -0.001134799557918603
1577 -0.001134802160436059
1578 -0.001134799557918577
1579 -0.001134802160436154
1580 -0.001134799557918704
1581 -0.001134802160436006
1582 -0.001134799557918452
1583 -0.001134802160436043
1584 -0.0011347995579187
1585 -0.00113480216043623
1586 -0.001134799557918797
1587 -0.001134802160436227
1588 -0.001134799557918477
1589 -0.001134802160436064
1590 -0.001134799557918657
1591 -0.001134802160436182
1592 -0.001134799557918647
1593 -0.001134802160436027
1594 -0.001134799557918629
1595 -0.001134802160436218
1596 -0.001134799557918763
1597 -0.001134802160436191
1598 -0.001134799557918691
1599 -0.001134802160436146
1600 -0.001134799557918588
1601 -0.001134802160436064
1602 -0.001134799557918721
1603 -0.001134802160436195
1604 -0.001134799557918912
1605 -0.001134802160436288
1606 -0.001134799557918817
1607 -0.001134802160436113
1608 -0.001134799557918511
1609 -0.001134802160436077
1610 -0.001134799557918638
1611 -0.001134802160436148
1612 -0.001134799557918744
1613 -0.00113480216043611
1614 -0.001134799557918716
1615 -0.001134802160436201
1616 -0.001134799557918508
1617 -0.001134802160435859
1618 -0.001134799557918646
1619 -0.001134802160436098
1620 -0.001134799557918473
1621 -0.001134802160435868
1622 -0.00113479955791839
1623 -0.001134802160436066
1624 -0.001134799557918619
1625 -0.001134802160436178
1626 -0.001134799557918576
1627 -0.001134802160436134
1628 -0.001134799557918893
1629 -0.00113480216043631
1630 -0.001134799557918678
1631 -0.001134802160436016
1632 -0.001134799557918686
1633 -0.001134802160436159
1634 -0.00113479955791859
1635 -0.001134802160436192
1636 -0.001134799557918628
1637 -0.00113480216043606
1638 -0.001134799557918728
1639 -0.001134802160436381
1640 -0.001134799557918811
1641 -0.001134802160436315
1642 -0.00113479955791882
1643 -0.001134802160436331
1644 -0.001134799557918872
1645 -0.001134802160436232
1646 -0.001134799557918724
1647 -0.001134802160436273
1648 -0.001134799557918748
1649 -0.001134802160436192
1650 -0.001134799557918673
1651 -0.001134802160436067
1652 -0.001134799557918711
1653 -0.001134802160436136
1654 -0.001134799557918774
1655 -0.001134802160436269
1656 -0.001134799557918678
1657 -0.001134802160436099
1658 -0.001134799557918642
1659 -0.001134802160435922
1660 -0.001134799557918517
1661 -0.001134802160436112
1662 -0.001134799557918877
1663 -0.001134802160436157
1664 -0.001134799557918732
1665 -0.001134802160436161
1666 -0.001134799557918514
1667 -0.001134802160435933
1668 -0.001134799557918464
1669 -0.00113480216043609
1670 -0.001134799557918704
1671 -0.001134802160436173
1672 -0.001134799557918735
1673 -0.001134802160436137
1674 -0.00113479955791868
1675 -0.001134802160436153
1676 -0.001134799557918604
1677 -0.001134802160436197
1678 -0.001134799557918733
1679 -0.001134802160436187
1680 -0.001134799557918776
1681 -0.001134802160436087
1682 -0.001134799557918762
1683 -0.001134802160436182
1684 -0.00113479955791856
1685 -0.001134802160436149
1686 -0.001134799557918745
1687 -0.001134802160436205
1688 -0.001134799557918756
1689 -0.001134802160436192
1690 -0.001134799557918676
1691 -0.001134802160436148
1692 -0.001134799557918671
1693 -0.001134802160436262
1694 -0.001134799557918627
1695 -0.001134802160436206
1696 -0.001134799557918887
1697 -0.001134802160436252
1698 -0.001134799557918696
1699 -0.001134802160436073
1700 -0.001134799557918599
1701 -0.001134802160436177
1702 -0.001134799557918655
1703 -0.001134802160436164
1704 -0.001134799557918665
1705 -0.001134802160436248
1706 -0.00113479955791883
1707 -0.001134802160436325
1708 -0.001134799557918845
1709 -0.001134802160436257
1710 -0.001134799557918767
1711 -0.001134802160436221
1712 -0.001134799557918623
1713 -0.001134802160436244
1714 -0.001134799557918708
1715 -0.001134802160436224
1716 -0.001134799557918658
1717 -0.00113480216043601
1718 -0.001134799557918525
1719 -0.001134802160435974
1720 -0.001134799557918526
1721 -0.001134802160436034
1722 -0.001134799557918781
1723 -0.001134802160435994
1724 -0.00113479955791862
1725 -0.001134802160436225
1726 -0.001134799557918809
1727 -0.001134802160436234
1728 -0.001134799557918753
1729 -0.001134802160436295
1730 -0.001134799557918835
1731 -0.00113480216043622
1732 -0.001134799557918704
1733 -0.001134802160436344
1734 -0.001134799557918849
1735 -0.001134802160436328
1736 -0.001134799557918831
1737 -0.001134802160436165
1738 -0.001134799557918673
1739 -0.001134802160436087
1740 -0.001134799557918703
1741 -0.001134802160436295
1742 -0.001134799557918662
1743 -0.001134802160436203
1744 -0.001134799557918678
1745 -0.00113480216043621
1746 -0.001134799557918666
1747 -0.001134802160436128
1748 -0.001134799557918607
1749 -0.001134802160436149
1750 -0.001134799557918544
1751 -0.001134802160436048
1752 -0.001134799557918771
1753 -0.001134802160436134
1754 -0.001134799557918633
1755 -0.001134802160436064
1756 -0.00113479955791865
1757 -0.001134802160436092
1758 -0.001134799557918583
1759 -0.001134802160436195
1760 -0.001134799557918788
1761 -0.001134802160436259
1762 -0.001134799557918725
1763 -0.001134802160436182
1764 -0.001134799557918518
1765 -0.001134802160435946
1766 -0.001134799557918629
1767 -0.001134802160436289
1768 -0.001134799557918851
1769 -0.001134802160436179
1770 -0.001134799557918705
1771 -0.001134802160436188
1772 -0.00113479955791855
1773 -0.001134802160436081
1774 -0.001134799557918517
1775 -0.001134802160436098
1776 -0.001134799557918551
1777 -0.001134802160435949
1778 -0.00113479955791854
1779 -0.001134802160436179
1780 -0.001134799557918702
1781 -0.001134802160436183
1782 -0.00113479955791882
1783 -0.001134802160436096
1784 -0.001134799557918885
1785 -0.001134802160436445
1786 -0.001134799557918982
1787 -0.00113480216043622
1788 -0.001134799557918698
1789 -0.001134802160436272
1790 -0.0011347995579188
1791 -0.00113480216043636
1792 -0.001134799557918967
1793 -0.001134802160436273
1794 -0.001134799557918653
1795 -0.001134802160436141
1796 -0.001134799557918877
1797 -0.001134802160436334
1798 -0.00113479955791882
1799 -0.001134802160436115
1800 -0.001134799557918635
1801 -0.001134802160436283
1802 -0.001134799557918821
1803 -0.00113480216043635
1804 -0.001134799557918843
1805 -0.001134802160436297
1806 -0.001134799557918787
1807 -0.001134802160436136
1808 -0.001134799557918776
1809 -0.001134802160436394
1810 -0.001134799557918823
1811 -0.001134802160436247
1812 -0.001134799557918656
1813 -0.001134802160435995
1814 -0.001134799557918493
1815 -0.001134802160436011
1816 -0.001134799557918555
1817 -0.00113480216043601
1818 -0.00113479955791867
1819 -0.001134802160436224
1820 -0.001134799557918745
1821 -0.001134802160436229
1822 -0.001134799557918699
1823 -0.001134802160436244
1824 -0.001134799557918764
1825 -0.001134802160436108
1826 -0.001134799557918658
1827 -0.001134802160436033
1828 -0.001134799557918691
1829 -0.001134802160436153
1830 -0.001134799557918517
1831 -0.00113480216043608
1832 -0.001134799557918675
1833 -0.001134802160436245
1834 -0.001134799557918554
1835 -0.001134802160436017
1836 -0.001134799557918747
1837 -0.001134802160436342
1838 -0.001134799557918725
1839 -0.001134802160436204
1840 -0.001134799557918922
1841 -0.001134802160436236
1842 -0.0011347995579188
1843 -0.001134802160436263
1844 -0.001134799557918702
1845 -0.001134802160436262
1846 -0.00113479955791889
1847 -0.001134802160436275
1848 -0.001134799557918841
1849 -0.001134802160436324
1850 -0.001134799557918839
1851 -0.00113480216043617
1852 -0.001134799557918662
1853 -0.001134802160436129
1854 -0.001134799557918722
1855 -0.001134802160436177
1856 -0.001134799557918788
1857 -0.001134802160436423
1858 -0.001134799557918873
1859 -0.001134802160436272
1860 -0.001134799557918755
1861 -0.001134802160436117
1862 -0.001134799557918696
1863 -0.001134802160436299
1864 -0.001134799557918754
1865 -0.001134802160436058
1866 -0.001134799557918575
1867 -0.001134802160436306
1868 -0.001134799557918845
1869 -0.001134802160436296
1870 -0.001134799557918697
1871 -0.00113480216043632
1872 -0.001134799557918691
1873 -0.001134802160436082
1874 -0.001134799557918636
1875 -0.001134802160436282
1876 -0.001134799557918703
1877 -0.001134802160436266
1878 -0.001134799557918691
1879 -0.001134802160435945
1880 -0.001134799557918704
1881 -0.001134802160436146
1882 -0.001134799557918737
1883 -0.00113480216043626
1884 -0.001134799557918595
1885 -0.00113480216043608
1886 -0.001134799557918574
1887 -0.001134802160436081
1888 -0.001134799557918649
1889 -0.001134802160436144
1890 -0.001134799557918596
1891 -0.001134802160436095
1892 -0.001134799557918637
1893 -0.001134802160436207
1894 -0.001134799557918709
1895 -0.001134802160436195
1896 -0.00113479955791864
1897 -0.001134802160436142
1898 -0.001134799557918651
1899 -0.001134802160436218
1900 -0.001134799557918688
1901 -0.001134802160436027
1902 -0.001134799557918614
1903 -0.001134802160436053
1904 -0.001134799557918591
1905 -0.001134802160436122
1906 -0.001134799557918558
1907 -0.001134802160436034
1908 -0.001134799557918583
1909 -0.001134802160436275
1910 -0.001134799557918734
1911 -0.001134802160436265
1912 -0.001134799557918777
1913 -0.001134802160436072
1914 -0.001134799557918682
1915 -0.001134802160436079
1916 -0.001134799557918686
1917 -0.001134802160436063
1918 -0.001134799557918528
1919 -0.001134802160436048
1920 -0.001134799557918658
1921 -0.001134802160436139
1922 -0.001134799557918519
1923 -0.001134802160435937
1924 -0.001134799557918475
1925 -0.001134802160436074
1926 -0.001134799557918641
1927 -0.00113480216043605
1928 -0.001134799557918723
1929 -0.001134802160436228
1930 -0.001134799557918799
1931 -0.001134802160436269
1932 -0.001134799557918645
1933 -0.001134802160436167
1934 -0.001134799557918636
1935 -0.001134802160436195
1936 -0.001134799557918683
1937 -0.001134802160436125
1938 -0.001134799557918622
1939 -0.001134802160436166
1940 -0.001134799557918862
1941 -0.001134802160436283
1942 -0.001134799557918869
1943 -0.001134802160436269
1944 -0.001134799557918871
1945 -0.001134802160436335
1946 -0.001134799557918829
1947 -0.001134802160436379
1948 -0.001134799557918934
1949 -0.001134802160436427
1950 -0.001134799557918693
1951 -0.001134802160436203
1952 -0.001134799557918764
1953 -0.001134802160436103
1954 -0.001134799557918651
1955 -0.001134802160436061
1956 -0.001134799557918576
1957 -0.001134802160436006
1958 -0.001134799557918554
1959 -0.001134802160435998
1960 -0.001134799557918493
1961 -0.001134802160436146
1962 -0.00113479955791867
1963 -0.001134802160436174
1964 -0.001134799557918625
1965 -0.001134802160436064
1966 -0.001134799557918819
1967 -0.001134802160436226
1968 -0.00113479955791868
1969 -0.001134802160436162
1970 -0.001134799557918658
1971 -0.001134802160436127
1972 -0.001134799557918735
1973 -0.001134802160436087
1974 -0.001134799557918616
1975 -0.0011348021604361
1976 -0.001134799557918481
1977 -0.00113480216043609
1978 -0.001134799557918703
1979 -0.001134802160436062
1980 -0.001134799557918675
1981 -0.001134802160436204
1982 -0.001134799557918869
1983 -0.001134802160436308
1984 -0.001134799557918786
1985 -0.001134802160436046
1986 -0.001134799557918699
1987 -0.001134802160436268
1988 -0.001134799557918751
1989 -0.001134802160436186
1990 -0.001134799557918696
1991 -0.001134802160436101
1992 -0.00113479955791874
1993 -0.001134802160436228
1994 -0.001134799557918687
1995 -0.001134802160436133
1996 -0.001134799557918827
1997 -0.001134802160436336
1998 -0.001134799557918847
1999 -0.001134802160436365
2000 -0.001134799557918859
