"drag-rfile"
"Time Step" "drag etc.."
("Time Step" "drag" "flow-time")
0 7.835597599379266e-26 0
1 1029.96331989822 0.01
2 1289.03747024988 0.02
3 1222.413678409779 0.03
4 1174.253571196457 0.04
5 1137.25309933345 0.05
6 1103.459618252946 0.06
7 1065.507457500858 0.07000000000000001
8 1023.952811932243 0.08
9 980.5096188954325 0.09
10 934.5164339474599 0.1
11 883.0392426940696 0.11
12 828.3991245930026 0.12
13 772.7122577198344 0.13
14 718.0844800693834 0.14
15 663.8983881796453 0.15
16 609.4897578381901 0.16
17 553.5765926135139 0.17
18 495.4237347278441 0.18
19 436.3948011316407 0.19
20 385.9588847230517 0.2
21 350.2723535729689 0.21
22 327.9865194652818 0.22
23 315.1310678197454 0.23
24 308.9294871121224 0.24
25 305.8710053723817 0.25
26 303.7987478248208 0.26
27 304.2734411677752 0.27
28 306.6540278062881 0.28
29 309.911867165183 0.29
30 314.3153203565878 0.3
31 320.1968785538821 0.31
32 326.8233411050501 0.32
33 333.4272935449684 0.33
34 340.194887051668 0.34
35 347.0694894579849 0.35
36 353.7869661278276 0.36
37 360.3344989396592 0.37
38 366.7405117269591 0.38
39 373.2593127283428 0.39
40 379.6242211126489 0.4
41 386.5090478720117 0.41
42 394.6757885521259 0.42
43 403.7296476233967 0.43
44 414.148438477461 0.44
45 425.1230262477368 0.45
46 437.2995102705221 0.46
47 450.7994936710442 0.47
48 466.4475389092025 0.48
49 485.2546372441659 0.49
50 507.4220828562446 0.5
51 530.4948646795779 0.51
52 556.99196302002 0.52
53 596.1040057377709 0.53
54 655.038802087954 0.54
55 730.7423469212966 0.55
56 813.0232009723358 0.5600000000000001
57 887.1377503280871 0.5700000000000001
58 938.3255829913636 0.58
59 955.764727526409 0.59
60 937.5454925206417 0.6
61 892.4362815164719 0.61
62 839.4325213222944 0.62
63 797.7277171315299 0.63
64 774.9395333804495 0.64
65 772.0015609676165 0.65
66 782.9331429983224 0.66
67 798.9191355544731 0.67
68 812.329148768853 0.68
69 816.8335736609293 0.6900000000000001
70 812.3174509415131 0.7000000000000001
71 804.0832451569352 0.71
72 798.6797401671212 0.72
73 798.276820838806 0.73
74 803.2815078004496 0.74
75 813.4103987912598 0.75
76 829.360514412836 0.76
77 848.3038087665507 0.77
78 868.0929456727454 0.78
79 883.8307708964248 0.79
80 890.1611320107742 0.8
81 882.7845877170502 0.8100000000000001
82 865.5391123299522 0.8200000000000001
83 845.684905461757 0.8300000000000001
84 832.1122525526355 0.84
85 827.7673588660723 0.85
86 831.8829993123904 0.86
87 842.6573188886641 0.87
88 854.6277096206346 0.88
89 862.9719246922383 0.89
90 859.7788900286989 0.9
91 841.0970424018104 0.91
92 813.890526452604 0.92
93 790.3034984872199 0.93
94 782.6312110936244 0.9400000000000001
95 788.8272283992233 0.9500000000000001
96 805.7671059830225 0.96
97 826.7538438675364 0.97
98 837.6952911917823 0.98
99 826.9539561964842 0.99
100 799.6181830416236 1
101 770.2653193543994 1.01
102 753.9416483013785 1.02
103 755.9883994484701 1.03
104 772.6028944784621 1.04
105 793.401505667696 1.05
106 800.4024585284357 1.06
107 784.4643580072516 1.07
108 757.1449551073889 1.08
109 733.6127702903635 1.09
110 730.377801908929 1.1
111 745.744476766793 1.11
112 768.7696804509628 1.12
113 784.0550200346296 1.13
114 775.7731127423931 1.14
115 751.9748430801257 1.15
116 730.8939555231957 1.16
117 728.7490831732773 1.17
118 745.1370496183654 1.18
119 769.1956702857276 1.19
120 786.1394952471624 1.2
121 778.5630341922005 1.21
122 756.9747108029807 1.22
123 740.1582148050053 1.23
124 743.4199054009252 1.24
125 763.7446896519029 1.25
126 791.6775268165909 1.26
127 809.2788083311401 1.27
128 800.2269787801234 1.28
129 776.4458662882447 1.29
130 760.1784790302029 1.3
131 768.060132807928 1.31
132 792.0467953672488 1.32
133 823.0529337476204 1.33
134 841.5072745311082 1.34
135 830.1814973904238 1.35
136 800.8400137877513 1.36
137 778.5341565965183 1.37
138 781.5748703721268 1.38
139 807.315927323343 1.39
140 843.2308115665123 1.4
141 869.9664244348983 1.41
142 867.2018878798469 1.42
143 836.5737130704497 1.43
144 805.2018758223552 1.44
145 799.9620211418985 1.45
146 821.5748132327627 1.46
147 858.9094626496873 1.47
148 893.7217549022429 1.48
149 903.5014661113211 1.49
150 877.2071545881181 1.5
151 835.5089487666301 1.51
152 816.6816615415622 1.52
153 829.167030384303 1.53
154 864.1314467788827 1.54
155 905.0011571915014 1.55
156 925.7636893307177 1.56
157 906.6096091693304 1.57
158 860.3342396085283 1.58
159 829.3569238463195 1.59
160 832.7724969491842 1.6
161 865.4664737050896 1.61
162 909.7531658575567 1.62
163 940.4256159103146 1.63
164 928.3613929422269 1.64
165 877.1775452505319 1.65
166 837.3010470841405 1.66
167 835.8465820361328 1.67
168 869.3559182147773 1.68
169 917.4600621445747 1.69
170 952.6457412232339 1.7
171 938.4648878641276 1.71
172 882.8611797897343 1.72
173 838.4359054571271 1.73
174 842.9152904118999 1.74
175 880.2902809613556 1.75
176 931.8424761822581 1.76
177 964.90544509458 1.77
178 939.6303480821799 1.78
179 873.5953054653618 1.79
180 840.0233619920036 1.8
181 857.3482059799262 1.81
182 903.1252363723048 1.82
183 958.5038098378546 1.83
184 976.0333086576845 1.84
185 919.5110622534763 1.85
186 854.6603815892117 1.86
187 850.2078742279123 1.87
188 885.4254891798411 1.88
189 941.6761286186471 1.89
190 992.5482476545532 1.9
191 965.8317078019326 1.91
192 880.5449064071694 1.92
193 848.6161327103072 1.93
194 879.1289015560111 1.94
195 934.9215722507956 1.95
196 1000.088851094301 1.96
197 1004.385701008416 1.97
198 908.4944939279502 1.98
199 855.3100278633328 1.99
200 878.744949847968 2
