"drag-co-rfile"
"Time Step" "drag-co etc.."
("Time Step" "drag-co" "flow-time")
0 1.665411852341641e-29 0
1 0.2189128651235902 0.01
2 0.2739776071753229 0.02
3 0.2598170978879091 0.03
4 0.2495809401034072 0.04
5 0.2417166995523397 0.05
6 0.2345340867127253 0.06
7 0.2264675700830925 0.07000000000000001
8 0.2176353657269998 0.08
9 0.2084017613120919 0.09
10 0.1986261705715257 0.1
11 0.1876849853777576 0.11
12 0.1760715380121 0.12
13 0.1642356101286043 0.13
14 0.1526247856557712 0.14
15 0.1411078389876074 0.15
16 0.1295435930330279 0.16
17 0.1176595667177295 0.17
18 0.1052995064234125 0.18
19 0.09275324120300445 0.19
20 0.08203337307485674 0.2
21 0.0744484031740268 0.21
22 0.06971167546544695 0.22
23 0.06697932209148383 0.23
24 0.06566121126678466 0.24
25 0.06501114831052232 0.25
26 0.06457070171572964 0.26
27 0.06467159509489533 0.27
28 0.06517757529015442 0.28
29 0.06587001057827568 0.29
30 0.06680593959239176 0.3
31 0.06805603144662213 0.31
32 0.06946444849865238 0.32
33 0.07086808115413891 0.33
34 0.0723064947907428 0.34
35 0.07376765256236234 0.35
36 0.07519541414938803 0.36
37 0.0765870551327489 0.37
38 0.07794861683712567 0.38
39 0.07933415103704693 0.39
40 0.08068697623357463 0.4
41 0.08215030713347561 0.41
42 0.08388610157048706 0.42
43 0.08581044799275864 0.43
44 0.08802490292811697 0.44
45 0.09035748934738752 0.45
46 0.09294553200197736 0.46
47 0.09581487694682572 0.47
48 0.09914078025861288 0.48
49 0.1031381223985007 0.49
50 0.1078496873034442 0.5
51 0.1127536762880388 0.51
52 0.1183854843370293 0.52
53 0.126698527303477 0.53
54 0.1392247841858763 0.54
55 0.1553151435018924 0.55
56 0.1728034726075434 0.5600000000000001
57 0.1885560999422863 0.5700000000000001
58 0.1994357836080037 0.58
59 0.2031423749221958 0.59
60 0.1992699798005262 0.6
61 0.1896822727107599 0.61
62 0.1784166239422409 0.62
63 0.1695525042222097 0.63
64 0.1647090049445803 0.64
65 0.1640845555626247 0.65
66 0.166408001355735 0.66
67 0.1698057334542501 0.67
68 0.1726559557460451 0.68
69 0.1736133457227638 0.6900000000000001
70 0.1726534694391551 0.7000000000000001
71 0.1709033356766272 0.71
72 0.1697548513217216 0.72
73 0.1696692131025043 0.73
74 0.1707329309462896 0.74
75 0.1728857693090596 0.75
76 0.1762758759685053 0.76
77 0.1803021658001286 0.77
78 0.1845082346714804 0.78
79 0.1878532202102571 0.79
80 0.1891987025803925 0.8
81 0.1876308599059468 0.8100000000000001
82 0.1839654318713047 0.8200000000000001
83 0.1797455327483898 0.8300000000000001
84 0.1768607423114279 0.84
85 0.1759372597881115 0.85
86 0.1768120158347745 0.86
87 0.1791020363846639 0.87
88 0.1816462750785656 0.88
89 0.1834197906914447 0.89
90 0.1827411292739649 0.9
91 0.1787704084620736 0.91
92 0.1729878177217936 0.92
93 0.1679745286347971 0.93
94 0.1663438274409434 0.9400000000000001
95 0.1676607557960794 0.9500000000000001
96 0.171261230749963 0.96
97 0.1757218429204534 0.97
98 0.1780473855257825 0.98
99 0.1757643756616008 0.99
100 0.1699543120349754 1
101 0.1637155272499138 1.01
102 0.1602460235010765 1.02
103 0.1606810488550368 1.03
104 0.1642123655915946 1.04
105 0.1686329924994311 1.05
106 0.1701210053438994 1.06
107 0.1667334524259324 1.07
108 0.1609268682042092 1.08
109 0.1559252357175086 1.09
110 0.1552376615259985 1.1
111 0.1585037611584496 1.11
112 0.1633976376792697 1.12
113 0.1666464499602529 1.13
114 0.1648861775126762 1.14
115 0.1598279902004663 1.15
116 0.1553473670508071 1.16
117 0.1548914865914026 1.17
118 0.1583746559613546 1.18
119 0.1634881794038538 1.19
120 0.1670894933504775 1.2
121 0.1654791595016925 1.21
122 0.1608906837423658 1.22
123 0.1573164328451397 1.23
124 0.1580096866918592 1.24
125 0.1623296043699373 1.25
126 0.1682665705672936 1.26
127 0.1720076231773784 1.27
128 0.1700837081181322 1.28
129 0.1650291674652301 1.29
130 0.1615716265179613 1.3
131 0.1632468273499332 1.31
132 0.1683450565044749 1.32
133 0.1749352354536984 1.33
134 0.1788576009756858 1.34
135 0.1764503712465111 1.35
136 0.1702140052339111 1.36
137 0.1654730217324278 1.37
138 0.1661193082086346 1.38
139 0.1715904239460931 1.39
140 0.1792239290024006 1.4
141 0.1849064319622457 1.41
142 0.1843188453887112 1.42
143 0.177809000453948 1.43
144 0.1711410942834156 1.44
145 0.1700273928740845 1.45
146 0.1746210693172409 1.46
147 0.1825563374130517 1.47
148 0.1899554927919828 1.48
149 0.1920341149715301 1.49
150 0.1864454081110126 1.5
151 0.1775826908369671 1.51
152 0.1735810576629317 1.52
153 0.1762347520350374 1.53
154 0.1836662405380144 1.54
155 0.1923528658093706 1.55
156 0.1967658243196461 1.56
157 0.1926947331594769 1.57
158 0.1828591656790649 1.58
159 0.1762751128139459 1.59
160 0.1770010735152077 1.6
161 0.1839499929433545 1.61
162 0.1933628783137782 1.62
163 0.199882133700536 1.63
164 0.1973179514967514 1.64
165 0.1864391148141541 1.65
166 0.1779635911755425 1.66
167 0.1776544528744688 1.67
168 0.1847766723259164 1.68
169 0.1950009354317425 1.69
170 0.2024794520639558 1.7
171 0.1994653920690365 1.71
172 0.1876471391168207 1.72
173 0.1782047988895847 1.73
174 0.1791568667695726 1.74
175 0.1871007091444224 1.75
176 0.1980578360063126 1.76
177 0.2050851826256115 1.77
178 0.1997131040317758 1.78
179 0.1856777300543466 1.79
180 0.1785422037773076 1.8
181 0.1822245011581407 1.81
182 0.1919541494732239 1.82
183 0.2037245513405436 1.83
184 0.2074503469457781 1.84
185 0.1954368638784496 1.85
186 0.1816532193202802 1.86
187 0.1807068641204248 1.87
188 0.1881921685414677 1.88
189 0.2001479230879499 1.89
190 0.2109605036118457 1.9
191 0.2052820545133829 1.91
192 0.1871548283395428 1.92
193 0.1803685484839131 1.93
194 0.1868538645352915 1.94
195 0.198712280421305 1.95
196 0.2125632161277818 1.96
197 0.2134764872196085 1.97
198 0.1930953547301344 1.98
199 0.1817912979532151 1.99
200 0.1867722577762419 2
