"lift-co-rfile"
"Time Step" "lift-co etc.."
("Time Step" "lift-co" "flow-time")
0 1.922949767652204e-29 0
1 1.062462453939631 0.01
2 1.375960766353309 0.02
3 1.463762136597527 0.03
4 1.544184989840789 0.04
5 1.620997612319725 0.05
6 1.692306416153701 0.06
7 1.75601996784842 0.07000000000000001
8 1.814620148862794 0.08
9 1.870131670161206 0.09
10 1.923157727125483 0.1
11 1.971440247042104 0.11
12 2.01454644990556 0.12
13 2.051906508459326 0.13
14 2.083818398596223 0.14
15 2.109724760590036 0.15
16 2.129011988081448 0.16
17 2.140880046276322 0.17
18 2.144558701567558 0.18
19 2.139908539042886 0.19
20 2.130924678420319 0.2
21 2.121696414124856 0.21
22 2.1132610931112 0.22
23 2.105160358300702 0.23
24 2.097636666160954 0.24
25 2.090427031396613 0.25
26 2.082386290766916 0.26
27 2.075849108493704 0.27
28 2.069528168519179 0.28
29 2.064050976839831 0.29
30 2.05924472139895 0.3
31 2.055270005807454 0.31
32 2.051899355427814 0.32
33 2.048539638652144 0.33
34 2.045243521336479 0.34
35 2.041796689460182 0.35
36 2.037996026092135 0.36
37 2.033658930840768 0.37
38 2.028623521487444 0.38
39 2.022806629862992 0.39
40 2.015901362870781 0.4
41 2.008061531846258 0.41
42 1.999466176096067 0.42
43 1.989744453676904 0.43
44 1.978942821163178 0.44
45 1.966519088932189 0.45
46 1.952713235924604 0.46
47 1.937530752834378 0.47
48 1.921412207562385 0.48
49 1.904830852099523 0.49
50 1.888022078004514 0.5
51 1.869937117264249 0.51
52 1.851370802927387 0.52
53 1.83575387216631 0.53
54 1.825685912551605 0.54
55 1.818672333173609 0.55
56 1.809423834303925 0.5600000000000001
57 1.791619546596365 0.5700000000000001
58 1.759547930949405 0.58
59 1.710516511128704 0.59
60 1.646002124202531 0.6
61 1.572008852332536 0.61
62 1.499005356626224 0.62
63 1.438094977005658 0.63
64 1.394170691670639 0.64
65 1.367655520763208 0.65
66 1.35420124024574 0.66
67 1.347451882092515 0.67
68 1.34168043907049 0.68
69 1.332328753401665 0.6900000000000001
70 1.318517510850521 0.7000000000000001
71 1.302760908414817 0.71
72 1.289269482588036 0.72
73 1.280666042270055 0.73
74 1.278034024304563 0.74
75 1.28131071033466 0.75
76 1.290319693892163 0.76
77 1.302918922960658 0.77
78 1.317165201523582 0.78
79 1.329754797839382 0.79
80 1.337223192581063 0.8
81 1.336879427250636 0.8100000000000001
82 1.330469311125255 0.8200000000000001
83 1.322291615653552 0.8300000000000001
84 1.318262838573257 0.84
85 1.321254948484987 0.85
86 1.331410050640348 0.86
87 1.347382335414856 0.87
88 1.364912683750764 0.88
89 1.380025417316468 0.89
90 1.387285982194986 0.9
91 1.383592698888362 0.91
92 1.372363726731434 0.92
93 1.360732296174829 0.93
94 1.357108604503436 0.9400000000000001
95 1.362427287382723 0.9500000000000001
96 1.375651901498198 0.96
97 1.393153300073371 0.97
98 1.407110458192042 0.98
99 1.409697150126478 0.99
100 1.402100983649054 1
101 1.391233830099049 1.01
102 1.385613856546115 1.02
103 1.390238813920834 1.03
104 1.404052055408733 1.04
105 1.42230390903937 1.05
106 1.435142767909986 1.06
107 1.435829621978143 1.07
108 1.428470612736983 1.08
109 1.420102708430087 1.09
110 1.420347189085548 1.1
111 1.430091859622688 1.11
112 1.44453647761536 1.12
113 1.456569252522293 1.13
114 1.45682892031083 1.14
115 1.44805942073881 1.15
116 1.438792684521767 1.16
117 1.437608870538784 1.17
118 1.445728864166048 1.18
119 1.45784181985423 1.19
120 1.466901324327685 1.2
121 1.463497940598866 1.21
122 1.451896539155227 1.22
123 1.441470089847071 1.23
124 1.440599214078113 1.24
125 1.448731789712584 1.25
126 1.46078460761626 1.26
127 1.467671994653849 1.27
128 1.460338327130695 1.28
129 1.443950971427125 1.29
130 1.430236439663713 1.3
131 1.428922605038802 1.31
132 1.437429641123708 1.32
133 1.450656821612377 1.33
134 1.458247901497733 1.34
135 1.449907850781597 1.35
136 1.430308546071765 1.36
137 1.412395062501592 1.37
138 1.407792897701292 1.38
139 1.417456698985262 1.39
140 1.434722112915645 1.4
141 1.448940935558092 1.41
142 1.447522936825652 1.42
143 1.429251051014276 1.43
144 1.407125665746987 1.44
145 1.397404111835816 1.45
146 1.404222907540028 1.46
147 1.42257721083887 1.47
148 1.442349561557918 1.48
149 1.449474226189909 1.49
150 1.435755444465828 1.5
151 1.40996015572482 1.51
152 1.393187527273722 1.52
153 1.394425629379536 1.53
154 1.411443144739583 1.54
155 1.435018419887543 1.55
156 1.44951551564191 1.56
157 1.441659635519059 1.57
158 1.415560075524277 1.58
159 1.393451127673577 1.59
160 1.390048745746307 1.6
161 1.406018637475431 1.61
162 1.43183955211064 1.62
163 1.45233401452234 1.63
164 1.449380372955994 1.64
165 1.422126945092732 1.65
166 1.396185906714579 1.66
167 1.390416236803258 1.67
168 1.407409962534499 1.68
169 1.436087530521856 1.69
170 1.459595263278534 1.7
171 1.456015456960507 1.71
172 1.426568204723835 1.72
173 1.398347269720094 1.73
174 1.396282492582755 1.74
175 1.416789759323257 1.75
176 1.448170894757335 1.76
177 1.47073046770026 1.77
178 1.460704169421378 1.78
179 1.424640506071995 1.79
180 1.401252568409673 1.8
181 1.407601526833099 1.81
182 1.434780970706409 1.82
183 1.469041840300018 1.83
184 1.482757805509449 1.84
185 1.454555782993873 1.85
186 1.415699208592239 1.86
187 1.407447206646973 1.87
188 1.427208034807721 1.88
189 1.46220189077762 1.89
190 1.494185188909515 1.9
191 1.483064848752033 1.91
192 1.435111710520583 1.92
193 1.410374270416199 1.93
194 1.425021199772081 1.94
195 1.460420772701803 1.95
196 1.500781141963697 1.96
197 1.50684022336687 1.97
198 1.454906994124754 1.98
199 1.417249108640911 1.99
200 1.425755473556632 2
